{"sessionId":"debug","runId":"userSearch","hypothesisId":"S1","location":"searchController.js:searchBusesByStops:entry","message":"search called","data":{"sourceStopId":"3","destinationStopId":"2","limit":null},"timestamp":1776181072886}
{"sessionId":"debug","runId":"userSearch","hypothesisId":"S2","location":"searchController.js:searchBusesByStops:routes","message":"routes matching stops","data":{"routeCount":1,"routeIds":[1]},"timestamp":1776181074305}
{"sessionId":"debug","runId":"userSearch","hypothesisId":"S3","location":"searchController.js:searchBusesByStops:trips","message":"active trips for routes","data":{"activeTripRows":1},"timestamp":1776181074538}
{"sessionId":"debug","runId":"tripLifecycle","hypothesisId":"H6","location":"driverController.js:stopMyTrip:entry","message":"stopMyTrip called","data":{"userId":6,"role":"driver"},"timestamp":1776186563260}
{"sessionId":"debug","runId":"tripLifecycle","hypothesisId":"H6","location":"driverController.js:stopMyTrip:driver","message":"driver loaded","data":{"driverId":3},"timestamp":1776186563666}
{"sessionId":"debug","runId":"tripLifecycle","hypothesisId":"H8","location":"driverController.js:stopMyTrip:completed","message":"trip marked completed","data":{"tripId":68,"busId":1},"timestamp":1776186564521}
{"sessionId":"debug","runId":"tripLifecycle","hypothesisId":"H1","location":"driverController.js:startMyTrip:entry","message":"startMyTrip called","data":{"userId":6,"role":"driver"},"timestamp":1776186575390}
{"sessionId":"debug","runId":"tripLifecycle","hypothesisId":"H1","location":"driverController.js:startMyTrip:driver","message":"driver loaded","data":{"driverId":3},"timestamp":1776186575796}
{"sessionId":"debug","runId":"tripLifecycle","hypothesisId":"H1","location":"driverController.js:startMyTrip:bus","message":"bus loaded","data":{"busId":1,"routeId":1},"timestamp":1776186575797}
{"sessionId":"debug","runId":"tripLifecycle","hypothesisId":"H3","location":"driverController.js:startMyTrip:inserted","message":"trip inserted","data":{"busId":1,"tripId":69},"timestamp":1776186575806}
{"sessionId":"debug","runId":"userSearch","hypothesisId":"S1","location":"searchController.js:searchBusesByStops:entry","message":"search called","data":{"sourceStopId":"3","destinationStopId":"2","limit":null},"timestamp":1776187512018}
{"sessionId":"debug","runId":"userSearch","hypothesisId":"S2","location":"searchController.js:searchBusesByStops:routes","message":"routes matching stops","data":{"routeCount":1,"routeIds":[1]},"timestamp":1776187512683}
{"sessionId":"debug","runId":"userSearch","hypothesisId":"S3","location":"searchController.js:searchBusesByStops:trips","message":"active trips for routes","data":{"activeTripRows":1},"timestamp":1776187513028}
{"sessionId":"debug","runId":"tripLifecycle","hypothesisId":"H6","location":"driverController.js:stopMyTrip:entry","message":"stopMyTrip called","data":{"userId":6,"role":"driver"},"timestamp":1776187841381}
{"sessionId":"debug","runId":"tripLifecycle","hypothesisId":"H6","location":"driverController.js:stopMyTrip:driver","message":"driver loaded","data":{"driverId":3},"timestamp":1776187841927}
{"sessionId":"debug","runId":"tripLifecycle","hypothesisId":"H8","location":"driverController.js:stopMyTrip:completed","message":"trip marked completed","data":{"tripId":69,"busId":1},"timestamp":1776187842869}
{"sessionId":"debug","runId":"userSearch","hypothesisId":"S1","location":"searchController.js:searchBusesByStops:entry","message":"search called","data":{"sourceStopId":"3","destinationStopId":"2","limit":null},"timestamp":1776188845869}
{"sessionId":"debug","runId":"userSearch","hypothesisId":"S2","location":"searchController.js:searchBusesByStops:routes","message":"routes matching stops","data":{"routeCount":1,"routeIds":[1]},"timestamp":1776188846290}
{"sessionId":"debug","runId":"userSearch","hypothesisId":"S3","location":"searchController.js:searchBusesByStops:trips","message":"active trips for routes","data":{"activeTripRows":0},"timestamp":1776188846494}
{"sessionId":"debug","runId":"userSearch","hypothesisId":"S1","location":"searchController.js:searchBusesByStops:entry","message":"search called","data":{"sourceStopId":"3","destinationStopId":"2","limit":null},"timestamp":1776188850863}
{"sessionId":"debug","runId":"userSearch","hypothesisId":"S2","location":"searchController.js:searchBusesByStops:routes","message":"routes matching stops","data":{"routeCount":1,"routeIds":[1]},"timestamp":1776188851418}
{"sessionId":"debug","runId":"userSearch","hypothesisId":"S3","location":"searchController.js:searchBusesByStops:trips","message":"active trips for routes","data":{"activeTripRows":0},"timestamp":1776188851667}
{"sessionId":"debug","runId":"userSearch","hypothesisId":"S1","location":"searchController.js:searchBusesByStops:entry","message":"search called","data":{"sourceStopId":"3","destinationStopId":"2","limit":null},"timestamp":1776188855892}
{"sessionId":"debug","runId":"userSearch","hypothesisId":"S2","location":"searchController.js:searchBusesByStops:routes","message":"routes matching stops","data":{"routeCount":1,"routeIds":[1]},"timestamp":1776188856299}
{"sessionId":"debug","runId":"userSearch","hypothesisId":"S3","location":"searchController.js:searchBusesByStops:trips","message":"active trips for routes","data":{"activeTripRows":0},"timestamp":1776188856662}
{"sessionId":"debug","runId":"userSearch","hypothesisId":"S1","location":"searchController.js:searchBusesByStops:entry","message":"search called","data":{"sourceStopId":"3","destinationStopId":"2","limit":null},"timestamp":1776188860908}
{"sessionId":"debug","runId":"userSearch","hypothesisId":"S2","location":"searchController.js:searchBusesByStops:routes","message":"routes matching stops","data":{"routeCount":1,"routeIds":[1]},"timestamp":1776188861428}
{"sessionId":"debug","runId":"userSearch","hypothesisId":"S3","location":"searchController.js:searchBusesByStops:trips","message":"active trips for routes","data":{"activeTripRows":0},"timestamp":1776188861690}
{"sessionId":"debug","runId":"userSearch","hypothesisId":"S1","location":"searchController.js:searchBusesByStops:entry","message":"search called","data":{"sourceStopId":"3","destinationStopId":"2","limit":null},"timestamp":1776188865885}
{"sessionId":"debug","runId":"userSearch","hypothesisId":"S2","location":"searchController.js:searchBusesByStops:routes","message":"routes matching stops","data":{"routeCount":1,"routeIds":[1]},"timestamp":1776188866613}
{"sessionId":"debug","runId":"userSearch","hypothesisId":"S3","location":"searchController.js:searchBusesByStops:trips","message":"active trips for routes","data":{"activeTripRows":0},"timestamp":1776188866910}
{"sessionId":"debug","runId":"userSearch","hypothesisId":"S1","location":"searchController.js:searchBusesByStops:entry","message":"search called","data":{"sourceStopId":"3","destinationStopId":"2","limit":null},"timestamp":1776188870902}
{"sessionId":"debug","runId":"userSearch","hypothesisId":"S2","location":"searchController.js:searchBusesByStops:routes","message":"routes matching stops","data":{"routeCount":1,"routeIds":[1]},"timestamp":1776188871323}
{"sessionId":"debug","runId":"userSearch","hypothesisId":"S3","location":"searchController.js:searchBusesByStops:trips","message":"active trips for routes","data":{"activeTripRows":0},"timestamp":1776188871719}
{"sessionId":"debug","runId":"userSearch","hypothesisId":"S1","location":"searchController.js:searchBusesByStops:entry","message":"search called","data":{"sourceStopId":"3","destinationStopId":"2","limit":null},"timestamp":1776188875892}
{"sessionId":"debug","runId":"userSearch","hypothesisId":"S2","location":"searchController.js:searchBusesByStops:routes","message":"routes matching stops","data":{"routeCount":1,"routeIds":[1]},"timestamp":1776188877454}
{"sessionId":"debug","runId":"userSearch","hypothesisId":"S3","location":"searchController.js:searchBusesByStops:trips","message":"active trips for routes","data":{"activeTripRows":0},"timestamp":1776188877772}
{"sessionId":"debug","runId":"userSearch","hypothesisId":"S1","location":"searchController.js:searchBusesByStops:entry","message":"search called","data":{"sourceStopId":"3","destinationStopId":"2","limit":null},"timestamp":1776188880896}
{"sessionId":"debug","runId":"userSearch","hypothesisId":"S2","location":"searchController.js:searchBusesByStops:routes","message":"routes matching stops","data":{"routeCount":1,"routeIds":[1]},"timestamp":1776188881334}
{"sessionId":"debug","runId":"userSearch","hypothesisId":"S3","location":"searchController.js:searchBusesByStops:trips","message":"active trips for routes","data":{"activeTripRows":0},"timestamp":1776188881588}
{"sessionId":"debug","runId":"userSearch","hypothesisId":"S1","location":"searchController.js:searchBusesByStops:entry","message":"search called","data":{"sourceStopId":"3","destinationStopId":"2","limit":null},"timestamp":1776188885895}
{"sessionId":"debug","runId":"userSearch","hypothesisId":"S2","location":"searchController.js:searchBusesByStops:routes","message":"routes matching stops","data":{"routeCount":1,"routeIds":[1]},"timestamp":1776188886301}
{"sessionId":"debug","runId":"userSearch","hypothesisId":"S3","location":"searchController.js:searchBusesByStops:trips","message":"active trips for routes","data":{"activeTripRows":0},"timestamp":1776188886503}
{"sessionId":"debug","runId":"tripLifecycle","hypothesisId":"H1","location":"driverController.js:startMyTrip:entry","message":"startMyTrip called","data":{"userId":6,"role":"driver"},"timestamp":1776188889726}
{"sessionId":"debug","runId":"tripLifecycle","hypothesisId":"H1","location":"driverController.js:startMyTrip:driver","message":"driver loaded","data":{"driverId":3},"timestamp":1776188890385}
{"sessionId":"debug","runId":"tripLifecycle","hypothesisId":"H1","location":"driverController.js:startMyTrip:bus","message":"bus loaded","data":{"busId":1,"routeId":1},"timestamp":1776188890386}
{"sessionId":"debug","runId":"tripLifecycle","hypothesisId":"H3","location":"driverController.js:startMyTrip:inserted","message":"trip inserted","data":{"busId":1,"tripId":70},"timestamp":1776188890386}
{"sessionId":"debug","runId":"userSearch","hypothesisId":"S1","location":"searchController.js:searchBusesByStops:entry","message":"search called","data":{"sourceStopId":"3","destinationStopId":"2","limit":null},"timestamp":1776188890860}
{"sessionId":"debug","runId":"userSearch","hypothesisId":"S2","location":"searchController.js:searchBusesByStops:routes","message":"routes matching stops","data":{"routeCount":1,"routeIds":[1]},"timestamp":1776188891459}
{"sessionId":"debug","runId":"userSearch","hypothesisId":"S3","location":"searchController.js:searchBusesByStops:trips","message":"active trips for routes","data":{"activeTripRows":1},"timestamp":1776188891673}
{"sessionId":"debug","runId":"userSearch","hypothesisId":"S1","location":"searchController.js:searchBusesByStops:entry","message":"search called","data":{"sourceStopId":"3","destinationStopId":"2","limit":null},"timestamp":1776188893040}
{"sessionId":"debug","runId":"userSearch","hypothesisId":"S2","location":"searchController.js:searchBusesByStops:routes","message":"routes matching stops","data":{"routeCount":1,"routeIds":[1]},"timestamp":1776188893539}
{"sessionId":"debug","runId":"userSearch","hypothesisId":"S3","location":"searchController.js:searchBusesByStops:trips","message":"active trips for routes","data":{"activeTripRows":1},"timestamp":1776188893949}
{"sessionId":"debug","runId":"userSearch","hypothesisId":"S1","location":"searchController.js:searchBusesByStops:entry","message":"search called","data":{"sourceStopId":"3","destinationStopId":"2","limit":null},"timestamp":1776188895063}
{"sessionId":"debug","runId":"userSearch","hypothesisId":"S2","location":"searchController.js:searchBusesByStops:routes","message":"routes matching stops","data":{"routeCount":1,"routeIds":[1]},"timestamp":1776188895473}
{"sessionId":"debug","runId":"userSearch","hypothesisId":"S3","location":"searchController.js:searchBusesByStops:trips","message":"active trips for routes","data":{"activeTripRows":1},"timestamp":1776188895664}
{"sessionId":"debug","runId":"tripLifecycle","hypothesisId":"H6","location":"driverController.js:stopMyTrip:entry","message":"stopMyTrip called","data":{"userId":6,"role":"driver"},"timestamp":1776274891019}
{"sessionId":"debug","runId":"tripLifecycle","hypothesisId":"H6","location":"driverController.js:stopMyTrip:driver","message":"driver loaded","data":{"driverId":3},"timestamp":1776274891984}
{"sessionId":"debug","runId":"tripLifecycle","hypothesisId":"H8","location":"driverController.js:stopMyTrip:completed","message":"trip marked completed","data":{"tripId":72,"busId":1},"timestamp":1776274893937}
{"sessionId":"debug","runId":"tripLifecycle","hypothesisId":"H1","location":"driverController.js:startMyTrip:entry","message":"startMyTrip called","data":{"userId":6,"role":"driver"},"timestamp":1776274897101}
{"sessionId":"debug","runId":"tripLifecycle","hypothesisId":"H1","location":"driverController.js:startMyTrip:driver","message":"driver loaded","data":{"driverId":3},"timestamp":1776274898259}
{"sessionId":"debug","runId":"tripLifecycle","hypothesisId":"H1","location":"driverController.js:startMyTrip:bus","message":"bus loaded","data":{"busId":1,"routeId":1},"timestamp":1776274898260}
{"sessionId":"debug","runId":"tripLifecycle","hypothesisId":"H3","location":"driverController.js:startMyTrip:inserted","message":"trip inserted","data":{"busId":1,"tripId":73},"timestamp":1776274898261}
{"sessionId":"debug","runId":"userSearch","hypothesisId":"S1","location":"searchController.js:searchBusesByStops:entry","message":"search called","data":{"sourceStopId":"3","destinationStopId":"2","limit":null},"timestamp":1776274935086}
{"sessionId":"debug","runId":"userSearch","hypothesisId":"S2","location":"searchController.js:searchBusesByStops:routes","message":"routes matching stops","data":{"routeCount":1,"routeIds":[1]},"timestamp":1776274936200}
{"sessionId":"debug","runId":"userSearch","hypothesisId":"S3","location":"searchController.js:searchBusesByStops:trips","message":"active trips for routes","data":{"activeTripRows":1},"timestamp":1776274936526}
{"sessionId":"debug","runId":"tripLifecycle","hypothesisId":"H6","location":"driverController.js:stopMyTrip:entry","message":"stopMyTrip called","data":{"userId":6,"role":"driver"},"timestamp":1776276135468}
{"sessionId":"debug","runId":"tripLifecycle","hypothesisId":"H6","location":"driverController.js:stopMyTrip:driver","message":"driver loaded","data":{"driverId":3},"timestamp":1776276136108}
{"sessionId":"debug","runId":"tripLifecycle","hypothesisId":"H8","location":"driverController.js:stopMyTrip:completed","message":"trip marked completed","data":{"tripId":73,"busId":1},"timestamp":1776276137440}
{"sessionId":"debug","runId":"tripLifecycle","hypothesisId":"H1","location":"driverController.js:startMyTrip:entry","message":"startMyTrip called","data":{"userId":6,"role":"driver"},"timestamp":1776276140288}
{"sessionId":"debug","runId":"tripLifecycle","hypothesisId":"H1","location":"driverController.js:startMyTrip:driver","message":"driver loaded","data":{"driverId":3},"timestamp":1776276140946}
{"sessionId":"debug","runId":"tripLifecycle","hypothesisId":"H1","location":"driverController.js:startMyTrip:bus","message":"bus loaded","data":{"busId":1,"routeId":1},"timestamp":1776276140947}
{"sessionId":"debug","runId":"tripLifecycle","hypothesisId":"H3","location":"driverController.js:startMyTrip:inserted","message":"trip inserted","data":{"busId":1,"tripId":74},"timestamp":1776276140947}
{"sessionId":"debug","runId":"tripLifecycle","hypothesisId":"H6","location":"driverController.js:stopMyTrip:entry","message":"stopMyTrip called","data":{"userId":6,"role":"driver"},"timestamp":1776334620136}
{"sessionId":"debug","runId":"tripLifecycle","hypothesisId":"H6","location":"driverController.js:stopMyTrip:driver","message":"driver loaded","data":{"driverId":3},"timestamp":1776334621482}
{"sessionId":"debug","runId":"tripLifecycle","hypothesisId":"H8","location":"driverController.js:stopMyTrip:completed","message":"trip marked completed","data":{"tripId":74,"busId":1},"timestamp":1776334623898}
{"sessionId":"debug","runId":"tripLifecycle","hypothesisId":"H1","location":"driverController.js:startMyTrip:entry","message":"startMyTrip called","data":{"userId":6,"role":"driver"},"timestamp":1776334643626}
{"sessionId":"debug","runId":"tripLifecycle","hypothesisId":"H1","location":"driverController.js:startMyTrip:driver","message":"driver loaded","data":{"driverId":3},"timestamp":1776334644320}
{"sessionId":"debug","runId":"tripLifecycle","hypothesisId":"H1","location":"driverController.js:startMyTrip:bus","message":"bus loaded","data":{"busId":1,"routeId":1},"timestamp":1776334644321}
{"sessionId":"debug","runId":"tripLifecycle","hypothesisId":"H3","location":"driverController.js:startMyTrip:inserted","message":"trip inserted","data":{"busId":1,"tripId":75},"timestamp":1776334644322}
{"sessionId":"debug","runId":"userSearch","hypothesisId":"S1","location":"searchController.js:searchBusesByStops:entry","message":"search called","data":{"sourceStopId":"3","destinationStopId":"2","limit":null},"timestamp":1776335348493}
{"sessionId":"debug","runId":"userSearch","hypothesisId":"S2","location":"searchController.js:searchBusesByStops:routes","message":"routes matching stops","data":{"routeCount":1,"routeIds":[1]},"timestamp":1776335349479}
{"sessionId":"debug","runId":"userSearch","hypothesisId":"S3","location":"searchController.js:searchBusesByStops:trips","message":"active trips for routes","data":{"activeTripRows":1},"timestamp":1776335349936}
{"sessionId":"debug","runId":"userSearch","hypothesisId":"S1","location":"searchController.js:searchBusesByStops:entry","message":"search called","data":{"sourceStopId":"3","destinationStopId":"2","limit":null},"timestamp":1776591894816}
{"sessionId":"debug","runId":"userSearch","hypothesisId":"S2","location":"searchController.js:searchBusesByStops:routes","message":"routes matching stops","data":{"routeCount":1,"routeIds":[1]},"timestamp":1776591895393}
{"sessionId":"debug","runId":"userSearch","hypothesisId":"S3","location":"searchController.js:searchBusesByStops:trips","message":"active trips for routes","data":{"activeTripRows":1},"timestamp":1776591895587}
{"sessionId":"debug","runId":"tripLifecycle","hypothesisId":"H6","location":"driverController.js:stopMyTrip:entry","message":"stopMyTrip called","data":{"userId":6,"role":"driver"},"timestamp":1776592331069}
{"sessionId":"debug","runId":"tripLifecycle","hypothesisId":"H6","location":"driverController.js:stopMyTrip:driver","message":"driver loaded","data":{"driverId":3},"timestamp":1776592331514}
{"sessionId":"debug","runId":"tripLifecycle","hypothesisId":"H8","location":"driverController.js:stopMyTrip:completed","message":"trip marked completed","data":{"tripId":75,"busId":1},"timestamp":1776592332528}
{"sessionId":"debug","runId":"userSearch","hypothesisId":"S1","location":"searchController.js:searchBusesByStops:entry","message":"search called","data":{"sourceStopId":"3","destinationStopId":"2","limit":null},"timestamp":1776592352931}
{"sessionId":"debug","runId":"userSearch","hypothesisId":"S2","location":"searchController.js:searchBusesByStops:routes","message":"routes matching stops","data":{"routeCount":1,"routeIds":[1]},"timestamp":1776592353565}
{"sessionId":"debug","runId":"userSearch","hypothesisId":"S3","location":"searchController.js:searchBusesByStops:trips","message":"active trips for routes","data":{"activeTripRows":0},"timestamp":1776592353769}
{"sessionId":"debug","runId":"userSearch","hypothesisId":"S1","location":"searchController.js:searchBusesByStops:entry","message":"search called","data":{"sourceStopId":"3","destinationStopId":"2","limit":null},"timestamp":1776592355086}
{"sessionId":"debug","runId":"userSearch","hypothesisId":"S2","location":"searchController.js:searchBusesByStops:routes","message":"routes matching stops","data":{"routeCount":1,"routeIds":[1]},"timestamp":1776592355633}
{"sessionId":"debug","runId":"userSearch","hypothesisId":"S3","location":"searchController.js:searchBusesByStops:trips","message":"active trips for routes","data":{"activeTripRows":0},"timestamp":1776592355857}
{"sessionId":"debug","runId":"userSearch","hypothesisId":"S1","location":"searchController.js:searchBusesByStops:entry","message":"search called","data":{"sourceStopId":"3","destinationStopId":"2","limit":null},"timestamp":1776592360588}
{"sessionId":"debug","runId":"userSearch","hypothesisId":"S2","location":"searchController.js:searchBusesByStops:routes","message":"routes matching stops","data":{"routeCount":1,"routeIds":[1]},"timestamp":1776592361132}
{"sessionId":"debug","runId":"userSearch","hypothesisId":"S3","location":"searchController.js:searchBusesByStops:trips","message":"active trips for routes","data":{"activeTripRows":0},"timestamp":1776592361462}
{"sessionId":"debug","runId":"userSearch","hypothesisId":"S1","location":"searchController.js:searchBusesByStops:entry","message":"search called","data":{"sourceStopId":"3","destinationStopId":"2","limit":null},"timestamp":1776592365585}
{"sessionId":"debug","runId":"userSearch","hypothesisId":"S2","location":"searchController.js:searchBusesByStops:routes","message":"routes matching stops","data":{"routeCount":1,"routeIds":[1]},"timestamp":1776592366097}
{"sessionId":"debug","runId":"userSearch","hypothesisId":"S3","location":"searchController.js:searchBusesByStops:trips","message":"active trips for routes","data":{"activeTripRows":0},"timestamp":1776592366407}
{"sessionId":"debug","runId":"userSearch","hypothesisId":"S1","location":"searchController.js:searchBusesByStops:entry","message":"search called","data":{"sourceStopId":"3","destinationStopId":"2","limit":null},"timestamp":1776592370586}
{"sessionId":"debug","runId":"userSearch","hypothesisId":"S2","location":"searchController.js:searchBusesByStops:routes","message":"routes matching stops","data":{"routeCount":1,"routeIds":[1]},"timestamp":1776592371126}
{"sessionId":"debug","runId":"userSearch","hypothesisId":"S3","location":"searchController.js:searchBusesByStops:trips","message":"active trips for routes","data":{"activeTripRows":0},"timestamp":1776592371447}
{"sessionId":"debug","runId":"userSearch","hypothesisId":"S1","location":"searchController.js:searchBusesByStops:entry","message":"search called","data":{"sourceStopId":"3","destinationStopId":"2","limit":null},"timestamp":1776592375584}
{"sessionId":"debug","runId":"userSearch","hypothesisId":"S2","location":"searchController.js:searchBusesByStops:routes","message":"routes matching stops","data":{"routeCount":1,"routeIds":[1]},"timestamp":1776592375994}
{"sessionId":"debug","runId":"userSearch","hypothesisId":"S3","location":"searchController.js:searchBusesByStops:trips","message":"active trips for routes","data":{"activeTripRows":0},"timestamp":1776592376260}
{"sessionId":"debug","runId":"userSearch","hypothesisId":"S1","location":"searchController.js:searchBusesByStops:entry","message":"search called","data":{"sourceStopId":"3","destinationStopId":"2","limit":null},"timestamp":1776592380580}
{"sessionId":"debug","runId":"userSearch","hypothesisId":"S2","location":"searchController.js:searchBusesByStops:routes","message":"routes matching stops","data":{"routeCount":1,"routeIds":[1]},"timestamp":1776592381136}
{"sessionId":"debug","runId":"userSearch","hypothesisId":"S3","location":"searchController.js:searchBusesByStops:trips","message":"active trips for routes","data":{"activeTripRows":0},"timestamp":1776592381381}
{"sessionId":"debug","runId":"userSearch","hypothesisId":"S1","location":"searchController.js:searchBusesByStops:entry","message":"search called","data":{"sourceStopId":"3","destinationStopId":"2","limit":null},"timestamp":1776592385576}
{"sessionId":"debug","runId":"userSearch","hypothesisId":"S2","location":"searchController.js:searchBusesByStops:routes","message":"routes matching stops","data":{"routeCount":1,"routeIds":[1]},"timestamp":1776592385985}
{"sessionId":"debug","runId":"userSearch","hypothesisId":"S3","location":"searchController.js:searchBusesByStops:trips","message":"active trips for routes","data":{"activeTripRows":0},"timestamp":1776592386194}
{"sessionId":"debug","runId":"userSearch","hypothesisId":"S1","location":"searchController.js:searchBusesByStops:entry","message":"search called","data":{"sourceStopId":"3","destinationStopId":"2","limit":null},"timestamp":1776592390582}
{"sessionId":"debug","runId":"userSearch","hypothesisId":"S2","location":"searchController.js:searchBusesByStops:routes","message":"routes matching stops","data":{"routeCount":1,"routeIds":[1]},"timestamp":1776592391107}
{"sessionId":"debug","runId":"userSearch","hypothesisId":"S3","location":"searchController.js:searchBusesByStops:trips","message":"active trips for routes","data":{"activeTripRows":0},"timestamp":1776592391418}
{"sessionId":"debug","runId":"userSearch","hypothesisId":"S1","location":"searchController.js:searchBusesByStops:entry","message":"search called","data":{"sourceStopId":"3","destinationStopId":"2","limit":null},"timestamp":1776592395586}
{"sessionId":"debug","runId":"userSearch","hypothesisId":"S2","location":"searchController.js:searchBusesByStops:routes","message":"routes matching stops","data":{"routeCount":1,"routeIds":[1]},"timestamp":1776592396191}
{"sessionId":"debug","runId":"userSearch","hypothesisId":"S3","location":"searchController.js:searchBusesByStops:trips","message":"active trips for routes","data":{"activeTripRows":0},"timestamp":1776592396479}
{"sessionId":"debug","runId":"userSearch","hypothesisId":"S1","location":"searchController.js:searchBusesByStops:entry","message":"search called","data":{"sourceStopId":"3","destinationStopId":"2","limit":null},"timestamp":1776592400585}
{"sessionId":"debug","runId":"userSearch","hypothesisId":"S2","location":"searchController.js:searchBusesByStops:routes","message":"routes matching stops","data":{"routeCount":1,"routeIds":[1]},"timestamp":1776592401052}
{"sessionId":"debug","runId":"userSearch","hypothesisId":"S3","location":"searchController.js:searchBusesByStops:trips","message":"active trips for routes","data":{"activeTripRows":0},"timestamp":1776592401251}
{"sessionId":"debug","runId":"userSearch","hypothesisId":"S1","location":"searchController.js:searchBusesByStops:entry","message":"search called","data":{"sourceStopId":"3","destinationStopId":"2","limit":null},"timestamp":1776592405579}
{"sessionId":"debug","runId":"userSearch","hypothesisId":"S2","location":"searchController.js:searchBusesByStops:routes","message":"routes matching stops","data":{"routeCount":1,"routeIds":[1]},"timestamp":1776592406211}
{"sessionId":"debug","runId":"userSearch","hypothesisId":"S3","location":"searchController.js:searchBusesByStops:trips","message":"active trips for routes","data":{"activeTripRows":0},"timestamp":1776592406415}
{"sessionId":"debug","runId":"userSearch","hypothesisId":"S1","location":"searchController.js:searchBusesByStops:entry","message":"search called","data":{"sourceStopId":"3","destinationStopId":"2","limit":null},"timestamp":1776592410585}
{"sessionId":"debug","runId":"userSearch","hypothesisId":"S2","location":"searchController.js:searchBusesByStops:routes","message":"routes matching stops","data":{"routeCount":1,"routeIds":[1]},"timestamp":1776592411025}
{"sessionId":"debug","runId":"userSearch","hypothesisId":"S3","location":"searchController.js:searchBusesByStops:trips","message":"active trips for routes","data":{"activeTripRows":0},"timestamp":1776592411259}
{"sessionId":"debug","runId":"userSearch","hypothesisId":"S1","location":"searchController.js:searchBusesByStops:entry","message":"search called","data":{"sourceStopId":"3","destinationStopId":"2","limit":null},"timestamp":1776592415582}
{"sessionId":"debug","runId":"userSearch","hypothesisId":"S2","location":"searchController.js:searchBusesByStops:routes","message":"routes matching stops","data":{"routeCount":1,"routeIds":[1]},"timestamp":1776592416094}
{"sessionId":"debug","runId":"userSearch","hypothesisId":"S3","location":"searchController.js:searchBusesByStops:trips","message":"active trips for routes","data":{"activeTripRows":0},"timestamp":1776592416293}
{"sessionId":"debug","runId":"userSearch","hypothesisId":"S1","location":"searchController.js:searchBusesByStops:entry","message":"search called","data":{"sourceStopId":"3","destinationStopId":"2","limit":null},"timestamp":1776592420591}
{"sessionId":"debug","runId":"userSearch","hypothesisId":"S2","location":"searchController.js:searchBusesByStops:routes","message":"routes matching stops","data":{"routeCount":1,"routeIds":[1]},"timestamp":1776592421020}
{"sessionId":"debug","runId":"userSearch","hypothesisId":"S3","location":"searchController.js:searchBusesByStops:trips","message":"active trips for routes","data":{"activeTripRows":0},"timestamp":1776592421211}
{"sessionId":"debug","runId":"userSearch","hypothesisId":"S1","location":"searchController.js:searchBusesByStops:entry","message":"search called","data":{"sourceStopId":"3","destinationStopId":"2","limit":null},"timestamp":1776592425576}
{"sessionId":"debug","runId":"userSearch","hypothesisId":"S2","location":"searchController.js:searchBusesByStops:routes","message":"routes matching stops","data":{"routeCount":1,"routeIds":[1]},"timestamp":1776592426049}
{"sessionId":"debug","runId":"userSearch","hypothesisId":"S3","location":"searchController.js:searchBusesByStops:trips","message":"active trips for routes","data":{"activeTripRows":0},"timestamp":1776592426365}
{"sessionId":"debug","runId":"userSearch","hypothesisId":"S1","location":"searchController.js:searchBusesByStops:entry","message":"search called","data":{"sourceStopId":"3","destinationStopId":"2","limit":null},"timestamp":1776592430582}
{"sessionId":"debug","runId":"userSearch","hypothesisId":"S2","location":"searchController.js:searchBusesByStops:routes","message":"routes matching stops","data":{"routeCount":1,"routeIds":[1]},"timestamp":1776592430973}
{"sessionId":"debug","runId":"userSearch","hypothesisId":"S3","location":"searchController.js:searchBusesByStops:trips","message":"active trips for routes","data":{"activeTripRows":0},"timestamp":1776592431178}
{"sessionId":"debug","runId":"userSearch","hypothesisId":"S1","location":"searchController.js:searchBusesByStops:entry","message":"search called","data":{"sourceStopId":"3","destinationStopId":"2","limit":null},"timestamp":1776592435581}
{"sessionId":"debug","runId":"userSearch","hypothesisId":"S2","location":"searchController.js:searchBusesByStops:routes","message":"routes matching stops","data":{"routeCount":1,"routeIds":[1]},"timestamp":1776592436121}
{"sessionId":"debug","runId":"userSearch","hypothesisId":"S3","location":"searchController.js:searchBusesByStops:trips","message":"active trips for routes","data":{"activeTripRows":0},"timestamp":1776592436367}
{"sessionId":"debug","runId":"userSearch","hypothesisId":"S1","location":"searchController.js:searchBusesByStops:entry","message":"search called","data":{"sourceStopId":"3","destinationStopId":"2","limit":null},"timestamp":1776592440583}
{"sessionId":"debug","runId":"userSearch","hypothesisId":"S2","location":"searchController.js:searchBusesByStops:routes","message":"routes matching stops","data":{"routeCount":1,"routeIds":[1]},"timestamp":1776592441026}
{"sessionId":"debug","runId":"userSearch","hypothesisId":"S3","location":"searchController.js:searchBusesByStops:trips","message":"active trips for routes","data":{"activeTripRows":0},"timestamp":1776592441242}
{"sessionId":"debug","runId":"userSearch","hypothesisId":"S1","location":"searchController.js:searchBusesByStops:entry","message":"search called","data":{"sourceStopId":"3","destinationStopId":"2","limit":null},"timestamp":1776592445587}
{"sessionId":"debug","runId":"userSearch","hypothesisId":"S2","location":"searchController.js:searchBusesByStops:routes","message":"routes matching stops","data":{"routeCount":1,"routeIds":[1]},"timestamp":1776592446221}
{"sessionId":"debug","runId":"userSearch","hypothesisId":"S3","location":"searchController.js:searchBusesByStops:trips","message":"active trips for routes","data":{"activeTripRows":0},"timestamp":1776592446443}
{"sessionId":"debug","runId":"userSearch","hypothesisId":"S1","location":"searchController.js:searchBusesByStops:entry","message":"search called","data":{"sourceStopId":"3","destinationStopId":"2","limit":null},"timestamp":1776592450586}
{"sessionId":"debug","runId":"userSearch","hypothesisId":"S2","location":"searchController.js:searchBusesByStops:routes","message":"routes matching stops","data":{"routeCount":1,"routeIds":[1]},"timestamp":1776592451019}
{"sessionId":"debug","runId":"userSearch","hypothesisId":"S3","location":"searchController.js:searchBusesByStops:trips","message":"active trips for routes","data":{"activeTripRows":0},"timestamp":1776592451319}
{"sessionId":"debug","runId":"userSearch","hypothesisId":"S1","location":"searchController.js:searchBusesByStops:entry","message":"search called","data":{"sourceStopId":"3","destinationStopId":"2","limit":null},"timestamp":1776592455586}
{"sessionId":"debug","runId":"userSearch","hypothesisId":"S2","location":"searchController.js:searchBusesByStops:routes","message":"routes matching stops","data":{"routeCount":1,"routeIds":[1]},"timestamp":1776592456011}
{"sessionId":"debug","runId":"userSearch","hypothesisId":"S3","location":"searchController.js:searchBusesByStops:trips","message":"active trips for routes","data":{"activeTripRows":0},"timestamp":1776592456216}
{"sessionId":"debug","runId":"userSearch","hypothesisId":"S1","location":"searchController.js:searchBusesByStops:entry","message":"search called","data":{"sourceStopId":"3","destinationStopId":"2","limit":null},"timestamp":1776592460593}
{"sessionId":"debug","runId":"userSearch","hypothesisId":"S2","location":"searchController.js:searchBusesByStops:routes","message":"routes matching stops","data":{"routeCount":1,"routeIds":[1]},"timestamp":1776592461004}
{"sessionId":"debug","runId":"userSearch","hypothesisId":"S3","location":"searchController.js:searchBusesByStops:trips","message":"active trips for routes","data":{"activeTripRows":0},"timestamp":1776592461238}
{"sessionId":"debug","runId":"userSearch","hypothesisId":"S1","location":"searchController.js:searchBusesByStops:entry","message":"search called","data":{"sourceStopId":"3","destinationStopId":"2","limit":null},"timestamp":1776592465577}
{"sessionId":"debug","runId":"userSearch","hypothesisId":"S2","location":"searchController.js:searchBusesByStops:routes","message":"routes matching stops","data":{"routeCount":1,"routeIds":[1]},"timestamp":1776592465970}
{"sessionId":"debug","runId":"userSearch","hypothesisId":"S3","location":"searchController.js:searchBusesByStops:trips","message":"active trips for routes","data":{"activeTripRows":0},"timestamp":1776592466368}
{"sessionId":"debug","runId":"userSearch","hypothesisId":"S1","location":"searchController.js:searchBusesByStops:entry","message":"search called","data":{"sourceStopId":"3","destinationStopId":"2","limit":null},"timestamp":1776592470594}
{"sessionId":"debug","runId":"userSearch","hypothesisId":"S2","location":"searchController.js:searchBusesByStops:routes","message":"routes matching stops","data":{"routeCount":1,"routeIds":[1]},"timestamp":1776592471067}
{"sessionId":"debug","runId":"userSearch","hypothesisId":"S3","location":"searchController.js:searchBusesByStops:trips","message":"active trips for routes","data":{"activeTripRows":0},"timestamp":1776592471389}
{"sessionId":"debug","runId":"userSearch","hypothesisId":"S1","location":"searchController.js:searchBusesByStops:entry","message":"search called","data":{"sourceStopId":"3","destinationStopId":"2","limit":null},"timestamp":1776592475576}
{"sessionId":"debug","runId":"userSearch","hypothesisId":"S2","location":"searchController.js:searchBusesByStops:routes","message":"routes matching stops","data":{"routeCount":1,"routeIds":[1]},"timestamp":1776592476120}
{"sessionId":"debug","runId":"userSearch","hypothesisId":"S3","location":"searchController.js:searchBusesByStops:trips","message":"active trips for routes","data":{"activeTripRows":0},"timestamp":1776592476445}
{"sessionId":"debug","runId":"userSearch","hypothesisId":"S1","location":"searchController.js:searchBusesByStops:entry","message":"search called","data":{"sourceStopId":"3","destinationStopId":"2","limit":null},"timestamp":1776592480590}
{"sessionId":"debug","runId":"userSearch","hypothesisId":"S2","location":"searchController.js:searchBusesByStops:routes","message":"routes matching stops","data":{"routeCount":1,"routeIds":[1]},"timestamp":1776592481020}
{"sessionId":"debug","runId":"userSearch","hypothesisId":"S3","location":"searchController.js:searchBusesByStops:trips","message":"active trips for routes","data":{"activeTripRows":0},"timestamp":1776592481230}
{"sessionId":"debug","runId":"userSearch","hypothesisId":"S1","location":"searchController.js:searchBusesByStops:entry","message":"search called","data":{"sourceStopId":"3","destinationStopId":"2","limit":null},"timestamp":1776592485577}
{"sessionId":"debug","runId":"userSearch","hypothesisId":"S2","location":"searchController.js:searchBusesByStops:routes","message":"routes matching stops","data":{"routeCount":1,"routeIds":[1]},"timestamp":1776592486032}
{"sessionId":"debug","runId":"userSearch","hypothesisId":"S3","location":"searchController.js:searchBusesByStops:trips","message":"active trips for routes","data":{"activeTripRows":0},"timestamp":1776592486331}
{"sessionId":"debug","runId":"userSearch","hypothesisId":"S1","location":"searchController.js:searchBusesByStops:entry","message":"search called","data":{"sourceStopId":"3","destinationStopId":"2","limit":null},"timestamp":1776592490586}
{"sessionId":"debug","runId":"userSearch","hypothesisId":"S2","location":"searchController.js:searchBusesByStops:routes","message":"routes matching stops","data":{"routeCount":1,"routeIds":[1]},"timestamp":1776592491046}
{"sessionId":"debug","runId":"userSearch","hypothesisId":"S3","location":"searchController.js:searchBusesByStops:trips","message":"active trips for routes","data":{"activeTripRows":0},"timestamp":1776592491459}
{"sessionId":"debug","runId":"userSearch","hypothesisId":"S1","location":"searchController.js:searchBusesByStops:entry","message":"search called","data":{"sourceStopId":"3","destinationStopId":"2","limit":null},"timestamp":1776592495583}
{"sessionId":"debug","runId":"userSearch","hypothesisId":"S2","location":"searchController.js:searchBusesByStops:routes","message":"routes matching stops","data":{"routeCount":1,"routeIds":[1]},"timestamp":1776592496055}
{"sessionId":"debug","runId":"userSearch","hypothesisId":"S3","location":"searchController.js:searchBusesByStops:trips","message":"active trips for routes","data":{"activeTripRows":0},"timestamp":1776592496275}
{"sessionId":"debug","runId":"userSearch","hypothesisId":"S1","location":"searchController.js:searchBusesByStops:entry","message":"search called","data":{"sourceStopId":"3","destinationStopId":"2","limit":null},"timestamp":1776592500582}
{"sessionId":"debug","runId":"userSearch","hypothesisId":"S2","location":"searchController.js:searchBusesByStops:routes","message":"routes matching stops","data":{"routeCount":1,"routeIds":[1]},"timestamp":1776592501245}
{"sessionId":"debug","runId":"userSearch","hypothesisId":"S3","location":"searchController.js:searchBusesByStops:trips","message":"active trips for routes","data":{"activeTripRows":0},"timestamp":1776592501450}
{"sessionId":"debug","runId":"userSearch","hypothesisId":"S1","location":"searchController.js:searchBusesByStops:entry","message":"search called","data":{"sourceStopId":"3","destinationStopId":"2","limit":null},"timestamp":1776592505579}
{"sessionId":"debug","runId":"userSearch","hypothesisId":"S2","location":"searchController.js:searchBusesByStops:routes","message":"routes matching stops","data":{"routeCount":1,"routeIds":[1]},"timestamp":1776592506204}
{"sessionId":"debug","runId":"userSearch","hypothesisId":"S3","location":"searchController.js:searchBusesByStops:trips","message":"active trips for routes","data":{"activeTripRows":0},"timestamp":1776592506525}
{"sessionId":"debug","runId":"userSearch","hypothesisId":"S1","location":"searchController.js:searchBusesByStops:entry","message":"search called","data":{"sourceStopId":"3","destinationStopId":"2","limit":null},"timestamp":1776592510594}
{"sessionId":"debug","runId":"userSearch","hypothesisId":"S2","location":"searchController.js:searchBusesByStops:routes","message":"routes matching stops","data":{"routeCount":1,"routeIds":[1]},"timestamp":1776592511159}
{"sessionId":"debug","runId":"userSearch","hypothesisId":"S3","location":"searchController.js:searchBusesByStops:trips","message":"active trips for routes","data":{"activeTripRows":0},"timestamp":1776592511491}
{"sessionId":"debug","runId":"userSearch","hypothesisId":"S1","location":"searchController.js:searchBusesByStops:entry","message":"search called","data":{"sourceStopId":"3","destinationStopId":"2","limit":null},"timestamp":1776592515579}
{"sessionId":"debug","runId":"userSearch","hypothesisId":"S2","location":"searchController.js:searchBusesByStops:routes","message":"routes matching stops","data":{"routeCount":1,"routeIds":[1]},"timestamp":1776592516024}
{"sessionId":"debug","runId":"userSearch","hypothesisId":"S3","location":"searchController.js:searchBusesByStops:trips","message":"active trips for routes","data":{"activeTripRows":0},"timestamp":1776592516341}
{"sessionId":"debug","runId":"userSearch","hypothesisId":"S1","location":"searchController.js:searchBusesByStops:entry","message":"search called","data":{"sourceStopId":"3","destinationStopId":"2","limit":null},"timestamp":1776592520582}
{"sessionId":"debug","runId":"userSearch","hypothesisId":"S2","location":"searchController.js:searchBusesByStops:routes","message":"routes matching stops","data":{"routeCount":1,"routeIds":[1]},"timestamp":1776592520996}
{"sessionId":"debug","runId":"userSearch","hypothesisId":"S3","location":"searchController.js:searchBusesByStops:trips","message":"active trips for routes","data":{"activeTripRows":0},"timestamp":1776592521192}
{"sessionId":"debug","runId":"userSearch","hypothesisId":"S1","location":"searchController.js:searchBusesByStops:entry","message":"search called","data":{"sourceStopId":"3","destinationStopId":"2","limit":null},"timestamp":1776592525592}
{"sessionId":"debug","runId":"userSearch","hypothesisId":"S2","location":"searchController.js:searchBusesByStops:routes","message":"routes matching stops","data":{"routeCount":1,"routeIds":[1]},"timestamp":1776592526002}
{"sessionId":"debug","runId":"userSearch","hypothesisId":"S3","location":"searchController.js:searchBusesByStops:trips","message":"active trips for routes","data":{"activeTripRows":0},"timestamp":1776592526201}
{"sessionId":"debug","runId":"userSearch","hypothesisId":"S1","location":"searchController.js:searchBusesByStops:entry","message":"search called","data":{"sourceStopId":"3","destinationStopId":"2","limit":null},"timestamp":1776592530587}
{"sessionId":"debug","runId":"userSearch","hypothesisId":"S2","location":"searchController.js:searchBusesByStops:routes","message":"routes matching stops","data":{"routeCount":1,"routeIds":[1]},"timestamp":1776592531072}
{"sessionId":"debug","runId":"userSearch","hypothesisId":"S3","location":"searchController.js:searchBusesByStops:trips","message":"active trips for routes","data":{"activeTripRows":0},"timestamp":1776592531332}
{"sessionId":"debug","runId":"userSearch","hypothesisId":"S1","location":"searchController.js:searchBusesByStops:entry","message":"search called","data":{"sourceStopId":"3","destinationStopId":"2","limit":null},"timestamp":1776592535582}
{"sessionId":"debug","runId":"userSearch","hypothesisId":"S2","location":"searchController.js:searchBusesByStops:routes","message":"routes matching stops","data":{"routeCount":1,"routeIds":[1]},"timestamp":1776592536124}
{"sessionId":"debug","runId":"userSearch","hypothesisId":"S3","location":"searchController.js:searchBusesByStops:trips","message":"active trips for routes","data":{"activeTripRows":0},"timestamp":1776592536338}
{"sessionId":"debug","runId":"userSearch","hypothesisId":"S1","location":"searchController.js:searchBusesByStops:entry","message":"search called","data":{"sourceStopId":"3","destinationStopId":"2","limit":null},"timestamp":1776592540580}
{"sessionId":"debug","runId":"userSearch","hypothesisId":"S2","location":"searchController.js:searchBusesByStops:routes","message":"routes matching stops","data":{"routeCount":1,"routeIds":[1]},"timestamp":1776592541169}
{"sessionId":"debug","runId":"userSearch","hypothesisId":"S3","location":"searchController.js:searchBusesByStops:trips","message":"active trips for routes","data":{"activeTripRows":0},"timestamp":1776592541384}
{"sessionId":"debug","runId":"userSearch","hypothesisId":"S1","location":"searchController.js:searchBusesByStops:entry","message":"search called","data":{"sourceStopId":"3","destinationStopId":"2","limit":null},"timestamp":1776592545582}
{"sessionId":"debug","runId":"userSearch","hypothesisId":"S2","location":"searchController.js:searchBusesByStops:routes","message":"routes matching stops","data":{"routeCount":1,"routeIds":[1]},"timestamp":1776592546035}
{"sessionId":"debug","runId":"userSearch","hypothesisId":"S3","location":"searchController.js:searchBusesByStops:trips","message":"active trips for routes","data":{"activeTripRows":0},"timestamp":1776592546353}
{"sessionId":"debug","runId":"userSearch","hypothesisId":"S1","location":"searchController.js:searchBusesByStops:entry","message":"search called","data":{"sourceStopId":"3","destinationStopId":"2","limit":null},"timestamp":1776592550579}
{"sessionId":"debug","runId":"userSearch","hypothesisId":"S2","location":"searchController.js:searchBusesByStops:routes","message":"routes matching stops","data":{"routeCount":1,"routeIds":[1]},"timestamp":1776592551149}
{"sessionId":"debug","runId":"userSearch","hypothesisId":"S3","location":"searchController.js:searchBusesByStops:trips","message":"active trips for routes","data":{"activeTripRows":0},"timestamp":1776592551567}
{"sessionId":"debug","runId":"userSearch","hypothesisId":"S1","location":"searchController.js:searchBusesByStops:entry","message":"search called","data":{"sourceStopId":"3","destinationStopId":"2","limit":null},"timestamp":1776592555580}
{"sessionId":"debug","runId":"userSearch","hypothesisId":"S2","location":"searchController.js:searchBusesByStops:routes","message":"routes matching stops","data":{"routeCount":1,"routeIds":[1]},"timestamp":1776592556130}
{"sessionId":"debug","runId":"userSearch","hypothesisId":"S3","location":"searchController.js:searchBusesByStops:trips","message":"active trips for routes","data":{"activeTripRows":0},"timestamp":1776592556325}
{"sessionId":"debug","runId":"userSearch","hypothesisId":"S1","location":"searchController.js:searchBusesByStops:entry","message":"search called","data":{"sourceStopId":"3","destinationStopId":"2","limit":null},"timestamp":1776592560593}
{"sessionId":"debug","runId":"userSearch","hypothesisId":"S2","location":"searchController.js:searchBusesByStops:routes","message":"routes matching stops","data":{"routeCount":1,"routeIds":[1]},"timestamp":1776592561203}
{"sessionId":"debug","runId":"userSearch","hypothesisId":"S3","location":"searchController.js:searchBusesByStops:trips","message":"active trips for routes","data":{"activeTripRows":0},"timestamp":1776592561500}
{"sessionId":"debug","runId":"userSearch","hypothesisId":"S1","location":"searchController.js:searchBusesByStops:entry","message":"search called","data":{"sourceStopId":"3","destinationStopId":"2","limit":null},"timestamp":1776592565587}
{"sessionId":"debug","runId":"userSearch","hypothesisId":"S2","location":"searchController.js:searchBusesByStops:routes","message":"routes matching stops","data":{"routeCount":1,"routeIds":[1]},"timestamp":1776592566347}
{"sessionId":"debug","runId":"userSearch","hypothesisId":"S3","location":"searchController.js:searchBusesByStops:trips","message":"active trips for routes","data":{"activeTripRows":0},"timestamp":1776592566550}
{"sessionId":"debug","runId":"userSearch","hypothesisId":"S1","location":"searchController.js:searchBusesByStops:entry","message":"search called","data":{"sourceStopId":"3","destinationStopId":"2","limit":null},"timestamp":1776592570592}
{"sessionId":"debug","runId":"userSearch","hypothesisId":"S2","location":"searchController.js:searchBusesByStops:routes","message":"routes matching stops","data":{"routeCount":1,"routeIds":[1]},"timestamp":1776592571034}
{"sessionId":"debug","runId":"userSearch","hypothesisId":"S3","location":"searchController.js:searchBusesByStops:trips","message":"active trips for routes","data":{"activeTripRows":0},"timestamp":1776592571328}
{"sessionId":"debug","runId":"userSearch","hypothesisId":"S1","location":"searchController.js:searchBusesByStops:entry","message":"search called","data":{"sourceStopId":"3","destinationStopId":"2","limit":null},"timestamp":1776592575582}
{"sessionId":"debug","runId":"userSearch","hypothesisId":"S2","location":"searchController.js:searchBusesByStops:routes","message":"routes matching stops","data":{"routeCount":1,"routeIds":[1]},"timestamp":1776592576143}
{"sessionId":"debug","runId":"userSearch","hypothesisId":"S3","location":"searchController.js:searchBusesByStops:trips","message":"active trips for routes","data":{"activeTripRows":0},"timestamp":1776592576432}
{"sessionId":"debug","runId":"userSearch","hypothesisId":"S1","location":"searchController.js:searchBusesByStops:entry","message":"search called","data":{"sourceStopId":"3","destinationStopId":"2","limit":null},"timestamp":1776592580579}
{"sessionId":"debug","runId":"userSearch","hypothesisId":"S2","location":"searchController.js:searchBusesByStops:routes","message":"routes matching stops","data":{"routeCount":1,"routeIds":[1]},"timestamp":1776592581246}
{"sessionId":"debug","runId":"userSearch","hypothesisId":"S3","location":"searchController.js:searchBusesByStops:trips","message":"active trips for routes","data":{"activeTripRows":0},"timestamp":1776592581559}
{"sessionId":"debug","runId":"userSearch","hypothesisId":"S1","location":"searchController.js:searchBusesByStops:entry","message":"search called","data":{"sourceStopId":"3","destinationStopId":"2","limit":null},"timestamp":1776592585587}
{"sessionId":"debug","runId":"userSearch","hypothesisId":"S2","location":"searchController.js:searchBusesByStops:routes","message":"routes matching stops","data":{"routeCount":1,"routeIds":[1]},"timestamp":1776592586054}
{"sessionId":"debug","runId":"userSearch","hypothesisId":"S3","location":"searchController.js:searchBusesByStops:trips","message":"active trips for routes","data":{"activeTripRows":0},"timestamp":1776592586382}
{"sessionId":"debug","runId":"userSearch","hypothesisId":"S1","location":"searchController.js:searchBusesByStops:entry","message":"search called","data":{"sourceStopId":"3","destinationStopId":"2","limit":null},"timestamp":1776592590586}
{"sessionId":"debug","runId":"userSearch","hypothesisId":"S2","location":"searchController.js:searchBusesByStops:routes","message":"routes matching stops","data":{"routeCount":1,"routeIds":[1]},"timestamp":1776592591060}
{"sessionId":"debug","runId":"userSearch","hypothesisId":"S3","location":"searchController.js:searchBusesByStops:trips","message":"active trips for routes","data":{"activeTripRows":0},"timestamp":1776592591354}
{"sessionId":"debug","runId":"userSearch","hypothesisId":"S1","location":"searchController.js:searchBusesByStops:entry","message":"search called","data":{"sourceStopId":"3","destinationStopId":"2","limit":null},"timestamp":1776592595582}
{"sessionId":"debug","runId":"userSearch","hypothesisId":"S2","location":"searchController.js:searchBusesByStops:routes","message":"routes matching stops","data":{"routeCount":1,"routeIds":[1]},"timestamp":1776592596070}
{"sessionId":"debug","runId":"userSearch","hypothesisId":"S3","location":"searchController.js:searchBusesByStops:trips","message":"active trips for routes","data":{"activeTripRows":0},"timestamp":1776592596258}
{"sessionId":"debug","runId":"userSearch","hypothesisId":"S1","location":"searchController.js:searchBusesByStops:entry","message":"search called","data":{"sourceStopId":"3","destinationStopId":"2","limit":null},"timestamp":1776592600591}
{"sessionId":"debug","runId":"userSearch","hypothesisId":"S2","location":"searchController.js:searchBusesByStops:routes","message":"routes matching stops","data":{"routeCount":1,"routeIds":[1]},"timestamp":1776592600988}
{"sessionId":"debug","runId":"userSearch","hypothesisId":"S3","location":"searchController.js:searchBusesByStops:trips","message":"active trips for routes","data":{"activeTripRows":0},"timestamp":1776592601194}
{"sessionId":"debug","runId":"userSearch","hypothesisId":"S1","location":"searchController.js:searchBusesByStops:entry","message":"search called","data":{"sourceStopId":"3","destinationStopId":"2","limit":null},"timestamp":1776592605575}
{"sessionId":"debug","runId":"userSearch","hypothesisId":"S2","location":"searchController.js:searchBusesByStops:routes","message":"routes matching stops","data":{"routeCount":1,"routeIds":[1]},"timestamp":1776592606193}
{"sessionId":"debug","runId":"userSearch","hypothesisId":"S3","location":"searchController.js:searchBusesByStops:trips","message":"active trips for routes","data":{"activeTripRows":0},"timestamp":1776592606513}
{"sessionId":"debug","runId":"userSearch","hypothesisId":"S1","location":"searchController.js:searchBusesByStops:entry","message":"search called","data":{"sourceStopId":"3","destinationStopId":"2","limit":null},"timestamp":1776592610585}
{"sessionId":"debug","runId":"userSearch","hypothesisId":"S2","location":"searchController.js:searchBusesByStops:routes","message":"routes matching stops","data":{"routeCount":1,"routeIds":[1]},"timestamp":1776592611007}
{"sessionId":"debug","runId":"userSearch","hypothesisId":"S3","location":"searchController.js:searchBusesByStops:trips","message":"active trips for routes","data":{"activeTripRows":0},"timestamp":1776592611242}
{"sessionId":"debug","runId":"userSearch","hypothesisId":"S1","location":"searchController.js:searchBusesByStops:entry","message":"search called","data":{"sourceStopId":"3","destinationStopId":"2","limit":null},"timestamp":1776592615596}
{"sessionId":"debug","runId":"userSearch","hypothesisId":"S2","location":"searchController.js:searchBusesByStops:routes","message":"routes matching stops","data":{"routeCount":1,"routeIds":[1]},"timestamp":1776592616043}
{"sessionId":"debug","runId":"userSearch","hypothesisId":"S3","location":"searchController.js:searchBusesByStops:trips","message":"active trips for routes","data":{"activeTripRows":0},"timestamp":1776592616239}
{"sessionId":"debug","runId":"userSearch","hypothesisId":"S1","location":"searchController.js:searchBusesByStops:entry","message":"search called","data":{"sourceStopId":"3","destinationStopId":"2","limit":null},"timestamp":1776592620579}
{"sessionId":"debug","runId":"userSearch","hypothesisId":"S2","location":"searchController.js:searchBusesByStops:routes","message":"routes matching stops","data":{"routeCount":1,"routeIds":[1]},"timestamp":1776592621041}
{"sessionId":"debug","runId":"userSearch","hypothesisId":"S3","location":"searchController.js:searchBusesByStops:trips","message":"active trips for routes","data":{"activeTripRows":0},"timestamp":1776592621321}
{"sessionId":"debug","runId":"userSearch","hypothesisId":"S1","location":"searchController.js:searchBusesByStops:entry","message":"search called","data":{"sourceStopId":"3","destinationStopId":"2","limit":null},"timestamp":1776592625593}
{"sessionId":"debug","runId":"userSearch","hypothesisId":"S2","location":"searchController.js:searchBusesByStops:routes","message":"routes matching stops","data":{"routeCount":1,"routeIds":[1]},"timestamp":1776592625994}
{"sessionId":"debug","runId":"userSearch","hypothesisId":"S3","location":"searchController.js:searchBusesByStops:trips","message":"active trips for routes","data":{"activeTripRows":0},"timestamp":1776592626202}
{"sessionId":"debug","runId":"userSearch","hypothesisId":"S1","location":"searchController.js:searchBusesByStops:entry","message":"search called","data":{"sourceStopId":"3","destinationStopId":"2","limit":null},"timestamp":1776592630584}
{"sessionId":"debug","runId":"userSearch","hypothesisId":"S2","location":"searchController.js:searchBusesByStops:routes","message":"routes matching stops","data":{"routeCount":1,"routeIds":[1]},"timestamp":1776592631031}
{"sessionId":"debug","runId":"userSearch","hypothesisId":"S3","location":"searchController.js:searchBusesByStops:trips","message":"active trips for routes","data":{"activeTripRows":0},"timestamp":1776592631229}
{"sessionId":"debug","runId":"userSearch","hypothesisId":"S1","location":"searchController.js:searchBusesByStops:entry","message":"search called","data":{"sourceStopId":"3","destinationStopId":"2","limit":null},"timestamp":1776592635580}
{"sessionId":"debug","runId":"userSearch","hypothesisId":"S2","location":"searchController.js:searchBusesByStops:routes","message":"routes matching stops","data":{"routeCount":1,"routeIds":[1]},"timestamp":1776592636053}
{"sessionId":"debug","runId":"userSearch","hypothesisId":"S3","location":"searchController.js:searchBusesByStops:trips","message":"active trips for routes","data":{"activeTripRows":0},"timestamp":1776592636273}
{"sessionId":"debug","runId":"userSearch","hypothesisId":"S1","location":"searchController.js:searchBusesByStops:entry","message":"search called","data":{"sourceStopId":"3","destinationStopId":"2","limit":null},"timestamp":1776592640578}
{"sessionId":"debug","runId":"userSearch","hypothesisId":"S2","location":"searchController.js:searchBusesByStops:routes","message":"routes matching stops","data":{"routeCount":1,"routeIds":[1]},"timestamp":1776592641005}
{"sessionId":"debug","runId":"userSearch","hypothesisId":"S3","location":"searchController.js:searchBusesByStops:trips","message":"active trips for routes","data":{"activeTripRows":0},"timestamp":1776592641233}
{"sessionId":"debug","runId":"userSearch","hypothesisId":"S1","location":"searchController.js:searchBusesByStops:entry","message":"search called","data":{"sourceStopId":"3","destinationStopId":"2","limit":null},"timestamp":1776592645580}
{"sessionId":"debug","runId":"userSearch","hypothesisId":"S2","location":"searchController.js:searchBusesByStops:routes","message":"routes matching stops","data":{"routeCount":1,"routeIds":[1]},"timestamp":1776592645991}
{"sessionId":"debug","runId":"userSearch","hypothesisId":"S3","location":"searchController.js:searchBusesByStops:trips","message":"active trips for routes","data":{"activeTripRows":0},"timestamp":1776592646187}
{"sessionId":"debug","runId":"userSearch","hypothesisId":"S1","location":"searchController.js:searchBusesByStops:entry","message":"search called","data":{"sourceStopId":"3","destinationStopId":"2","limit":null},"timestamp":1776592650586}
{"sessionId":"debug","runId":"userSearch","hypothesisId":"S2","location":"searchController.js:searchBusesByStops:routes","message":"routes matching stops","data":{"routeCount":1,"routeIds":[1]},"timestamp":1776592651061}
{"sessionId":"debug","runId":"userSearch","hypothesisId":"S3","location":"searchController.js:searchBusesByStops:trips","message":"active trips for routes","data":{"activeTripRows":0},"timestamp":1776592651274}
{"sessionId":"debug","runId":"userSearch","hypothesisId":"S1","location":"searchController.js:searchBusesByStops:entry","message":"search called","data":{"sourceStopId":"3","destinationStopId":"2","limit":null},"timestamp":1776592655586}
{"sessionId":"debug","runId":"userSearch","hypothesisId":"S2","location":"searchController.js:searchBusesByStops:routes","message":"routes matching stops","data":{"routeCount":1,"routeIds":[1]},"timestamp":1776592656114}
{"sessionId":"debug","runId":"userSearch","hypothesisId":"S3","location":"searchController.js:searchBusesByStops:trips","message":"active trips for routes","data":{"activeTripRows":0},"timestamp":1776592656332}
{"sessionId":"debug","runId":"userSearch","hypothesisId":"S1","location":"searchController.js:searchBusesByStops:entry","message":"search called","data":{"sourceStopId":"3","destinationStopId":"2","limit":null},"timestamp":1776592691600}
{"sessionId":"debug","runId":"userSearch","hypothesisId":"S2","location":"searchController.js:searchBusesByStops:routes","message":"routes matching stops","data":{"routeCount":1,"routeIds":[1]},"timestamp":1776592693191}
{"sessionId":"debug","runId":"userSearch","hypothesisId":"S3","location":"searchController.js:searchBusesByStops:trips","message":"active trips for routes","data":{"activeTripRows":0},"timestamp":1776592693387}
{"sessionId":"debug","runId":"tripLifecycle","hypothesisId":"H1","location":"driverController.js:startMyTrip:entry","message":"startMyTrip called","data":{"userId":6,"role":"driver"},"timestamp":1776592717561}
{"sessionId":"debug","runId":"tripLifecycle","hypothesisId":"H1","location":"driverController.js:startMyTrip:driver","message":"driver loaded","data":{"driverId":3},"timestamp":1776592718018}
{"sessionId":"debug","runId":"tripLifecycle","hypothesisId":"H1","location":"driverController.js:startMyTrip:bus","message":"bus loaded","data":{"busId":1,"routeId":1},"timestamp":1776592718018}
{"sessionId":"debug","runId":"tripLifecycle","hypothesisId":"H3","location":"driverController.js:startMyTrip:inserted","message":"trip inserted","data":{"busId":1,"tripId":76},"timestamp":1776592718019}
{"sessionId":"debug","runId":"userSearch","hypothesisId":"S1","location":"searchController.js:searchBusesByStops:entry","message":"search called","data":{"sourceStopId":"3","destinationStopId":"2","limit":null},"timestamp":1776592751599}
{"sessionId":"debug","runId":"userSearch","hypothesisId":"S2","location":"searchController.js:searchBusesByStops:routes","message":"routes matching stops","data":{"routeCount":1,"routeIds":[1]},"timestamp":1776592753765}
{"sessionId":"debug","runId":"userSearch","hypothesisId":"S3","location":"searchController.js:searchBusesByStops:trips","message":"active trips for routes","data":{"activeTripRows":1},"timestamp":1776592753959}
{"sessionId":"debug","runId":"userSearch","hypothesisId":"S1","location":"searchController.js:searchBusesByStops:entry","message":"search called","data":{"sourceStopId":"3","destinationStopId":"2","limit":null},"timestamp":1776592811622}
{"sessionId":"debug","runId":"userSearch","hypothesisId":"S2","location":"searchController.js:searchBusesByStops:routes","message":"routes matching stops","data":{"routeCount":1,"routeIds":[1]},"timestamp":1776592812056}
{"sessionId":"debug","runId":"userSearch","hypothesisId":"S3","location":"searchController.js:searchBusesByStops:trips","message":"active trips for routes","data":{"activeTripRows":1},"timestamp":1776592812263}
{"sessionId":"debug","runId":"userSearch","hypothesisId":"S1","location":"searchController.js:searchBusesByStops:entry","message":"search called","data":{"sourceStopId":"3","destinationStopId":"2","limit":null},"timestamp":1776592871587}
{"sessionId":"debug","runId":"userSearch","hypothesisId":"S2","location":"searchController.js:searchBusesByStops:routes","message":"routes matching stops","data":{"routeCount":1,"routeIds":[1]},"timestamp":1776592871994}
{"sessionId":"debug","runId":"userSearch","hypothesisId":"S3","location":"searchController.js:searchBusesByStops:trips","message":"active trips for routes","data":{"activeTripRows":1},"timestamp":1776592872198}
{"sessionId":"debug","runId":"userSearch","hypothesisId":"S1","location":"searchController.js:searchBusesByStops:entry","message":"search called","data":{"sourceStopId":"3","destinationStopId":"2","limit":null},"timestamp":1776592931579}
{"sessionId":"debug","runId":"userSearch","hypothesisId":"S2","location":"searchController.js:searchBusesByStops:routes","message":"routes matching stops","data":{"routeCount":1,"routeIds":[1]},"timestamp":1776592932008}
{"sessionId":"debug","runId":"userSearch","hypothesisId":"S3","location":"searchController.js:searchBusesByStops:trips","message":"active trips for routes","data":{"activeTripRows":1},"timestamp":1776592932355}
{"sessionId":"debug","runId":"userSearch","hypothesisId":"S1","location":"searchController.js:searchBusesByStops:entry","message":"search called","data":{"sourceStopId":"3","destinationStopId":"2","limit":null},"timestamp":1776592991585}
{"sessionId":"debug","runId":"userSearch","hypothesisId":"S2","location":"searchController.js:searchBusesByStops:routes","message":"routes matching stops","data":{"routeCount":1,"routeIds":[1]},"timestamp":1776592991982}
{"sessionId":"debug","runId":"userSearch","hypothesisId":"S3","location":"searchController.js:searchBusesByStops:trips","message":"active trips for routes","data":{"activeTripRows":1},"timestamp":1776592992176}
{"sessionId":"debug","runId":"userSearch","hypothesisId":"S1","location":"searchController.js:searchBusesByStops:entry","message":"search called","data":{"sourceStopId":"3","destinationStopId":"2","limit":null},"timestamp":1776593051584}
{"sessionId":"debug","runId":"userSearch","hypothesisId":"S2","location":"searchController.js:searchBusesByStops:routes","message":"routes matching stops","data":{"routeCount":1,"routeIds":[1]},"timestamp":1776593052008}
{"sessionId":"debug","runId":"userSearch","hypothesisId":"S3","location":"searchController.js:searchBusesByStops:trips","message":"active trips for routes","data":{"activeTripRows":1},"timestamp":1776593052343}
{"sessionId":"debug","runId":"userSearch","hypothesisId":"S1","location":"searchController.js:searchBusesByStops:entry","message":"search called","data":{"sourceStopId":"3","destinationStopId":"2","limit":null},"timestamp":1776593111586}
{"sessionId":"debug","runId":"userSearch","hypothesisId":"S2","location":"searchController.js:searchBusesByStops:routes","message":"routes matching stops","data":{"routeCount":1,"routeIds":[1]},"timestamp":1776593113224}
{"sessionId":"debug","runId":"userSearch","hypothesisId":"S3","location":"searchController.js:searchBusesByStops:trips","message":"active trips for routes","data":{"activeTripRows":1},"timestamp":1776593113418}
{"sessionId":"debug","runId":"userSearch","hypothesisId":"S1","location":"searchController.js:searchBusesByStops:entry","message":"search called","data":{"sourceStopId":"3","destinationStopId":"2","limit":null},"timestamp":1776593171596}
{"sessionId":"debug","runId":"userSearch","hypothesisId":"S2","location":"searchController.js:searchBusesByStops:routes","message":"routes matching stops","data":{"routeCount":1,"routeIds":[1]},"timestamp":1776593174714}
{"sessionId":"debug","runId":"userSearch","hypothesisId":"S3","location":"searchController.js:searchBusesByStops:trips","message":"active trips for routes","data":{"activeTripRows":1},"timestamp":1776593175067}
{"sessionId":"debug","runId":"userSearch","hypothesisId":"S1","location":"searchController.js:searchBusesByStops:entry","message":"search called","data":{"sourceStopId":"3","destinationStopId":"2","limit":null},"timestamp":1776593231589}
{"sessionId":"debug","runId":"userSearch","hypothesisId":"S2","location":"searchController.js:searchBusesByStops:routes","message":"routes matching stops","data":{"routeCount":1,"routeIds":[1]},"timestamp":1776593232842}
{"sessionId":"debug","runId":"userSearch","hypothesisId":"S3","location":"searchController.js:searchBusesByStops:trips","message":"active trips for routes","data":{"activeTripRows":1},"timestamp":1776593233029}
{"sessionId":"debug","runId":"userSearch","hypothesisId":"S1","location":"searchController.js:searchBusesByStops:entry","message":"search called","data":{"sourceStopId":"3","destinationStopId":"2","limit":null},"timestamp":1776593291592}
{"sessionId":"debug","runId":"userSearch","hypothesisId":"S2","location":"searchController.js:searchBusesByStops:routes","message":"routes matching stops","data":{"routeCount":1,"routeIds":[1]},"timestamp":1776593292820}
{"sessionId":"debug","runId":"userSearch","hypothesisId":"S3","location":"searchController.js:searchBusesByStops:trips","message":"active trips for routes","data":{"activeTripRows":1},"timestamp":1776593293019}
{"sessionId":"debug","runId":"userSearch","hypothesisId":"S1","location":"searchController.js:searchBusesByStops:entry","message":"search called","data":{"sourceStopId":"3","destinationStopId":"2","limit":null},"timestamp":1776593351596}
{"sessionId":"debug","runId":"userSearch","hypothesisId":"S2","location":"searchController.js:searchBusesByStops:routes","message":"routes matching stops","data":{"routeCount":1,"routeIds":[1]},"timestamp":1776593352993}
{"sessionId":"debug","runId":"userSearch","hypothesisId":"S3","location":"searchController.js:searchBusesByStops:trips","message":"active trips for routes","data":{"activeTripRows":1},"timestamp":1776593353182}
{"sessionId":"debug","runId":"userSearch","hypothesisId":"S1","location":"searchController.js:searchBusesByStops:entry","message":"search called","data":{"sourceStopId":"3","destinationStopId":"2","limit":null},"timestamp":1776593411617}
{"sessionId":"debug","runId":"userSearch","hypothesisId":"S2","location":"searchController.js:searchBusesByStops:routes","message":"routes matching stops","data":{"routeCount":1,"routeIds":[1]},"timestamp":1776593413486}
{"sessionId":"debug","runId":"userSearch","hypothesisId":"S3","location":"searchController.js:searchBusesByStops:trips","message":"active trips for routes","data":{"activeTripRows":1},"timestamp":1776593413681}
{"sessionId":"debug","runId":"userSearch","hypothesisId":"S1","location":"searchController.js:searchBusesByStops:entry","message":"search called","data":{"sourceStopId":"3","destinationStopId":"2","limit":null},"timestamp":1776593471597}
{"sessionId":"debug","runId":"userSearch","hypothesisId":"S2","location":"searchController.js:searchBusesByStops:routes","message":"routes matching stops","data":{"routeCount":1,"routeIds":[1]},"timestamp":1776593472868}
{"sessionId":"debug","runId":"userSearch","hypothesisId":"S3","location":"searchController.js:searchBusesByStops:trips","message":"active trips for routes","data":{"activeTripRows":1},"timestamp":1776593473062}
{"sessionId":"debug","runId":"userSearch","hypothesisId":"S1","location":"searchController.js:searchBusesByStops:entry","message":"search called","data":{"sourceStopId":"3","destinationStopId":"2","limit":null},"timestamp":1776593531593}
{"sessionId":"debug","runId":"userSearch","hypothesisId":"S2","location":"searchController.js:searchBusesByStops:routes","message":"routes matching stops","data":{"routeCount":1,"routeIds":[1]},"timestamp":1776593533518}
{"sessionId":"debug","runId":"userSearch","hypothesisId":"S3","location":"searchController.js:searchBusesByStops:trips","message":"active trips for routes","data":{"activeTripRows":1},"timestamp":1776593533714}
{"sessionId":"debug","runId":"userSearch","hypothesisId":"S1","location":"searchController.js:searchBusesByStops:entry","message":"search called","data":{"sourceStopId":"3","destinationStopId":"2","limit":null},"timestamp":1776593591596}
{"sessionId":"debug","runId":"userSearch","hypothesisId":"S2","location":"searchController.js:searchBusesByStops:routes","message":"routes matching stops","data":{"routeCount":1,"routeIds":[1]},"timestamp":1776593593893}
{"sessionId":"debug","runId":"userSearch","hypothesisId":"S3","location":"searchController.js:searchBusesByStops:trips","message":"active trips for routes","data":{"activeTripRows":1},"timestamp":1776593594299}
{"sessionId":"debug","runId":"userSearch","hypothesisId":"S1","location":"searchController.js:searchBusesByStops:entry","message":"search called","data":{"sourceStopId":"3","destinationStopId":"2","limit":null},"timestamp":1776593651596}
{"sessionId":"debug","runId":"userSearch","hypothesisId":"S2","location":"searchController.js:searchBusesByStops:routes","message":"routes matching stops","data":{"routeCount":1,"routeIds":[1]},"timestamp":1776593653048}
{"sessionId":"debug","runId":"userSearch","hypothesisId":"S3","location":"searchController.js:searchBusesByStops:trips","message":"active trips for routes","data":{"activeTripRows":1},"timestamp":1776593653259}
{"sessionId":"debug","runId":"userSearch","hypothesisId":"S1","location":"searchController.js:searchBusesByStops:entry","message":"search called","data":{"sourceStopId":"3","destinationStopId":"2","limit":null},"timestamp":1776593711593}
{"sessionId":"debug","runId":"userSearch","hypothesisId":"S2","location":"searchController.js:searchBusesByStops:routes","message":"routes matching stops","data":{"routeCount":1,"routeIds":[1]},"timestamp":1776593713003}
{"sessionId":"debug","runId":"userSearch","hypothesisId":"S3","location":"searchController.js:searchBusesByStops:trips","message":"active trips for routes","data":{"activeTripRows":1},"timestamp":1776593713212}
{"sessionId":"debug","runId":"userSearch","hypothesisId":"S1","location":"searchController.js:searchBusesByStops:entry","message":"search called","data":{"sourceStopId":"3","destinationStopId":"2","limit":null},"timestamp":1776593771594}
{"sessionId":"debug","runId":"userSearch","hypothesisId":"S2","location":"searchController.js:searchBusesByStops:routes","message":"routes matching stops","data":{"routeCount":1,"routeIds":[1]},"timestamp":1776593773667}
{"sessionId":"debug","runId":"userSearch","hypothesisId":"S3","location":"searchController.js:searchBusesByStops:trips","message":"active trips for routes","data":{"activeTripRows":1},"timestamp":1776593773907}
{"sessionId":"debug","runId":"userSearch","hypothesisId":"S1","location":"searchController.js:searchBusesByStops:entry","message":"search called","data":{"sourceStopId":"3","destinationStopId":"2","limit":null},"timestamp":1776593831596}
{"sessionId":"debug","runId":"userSearch","hypothesisId":"S2","location":"searchController.js:searchBusesByStops:routes","message":"routes matching stops","data":{"routeCount":1,"routeIds":[1]},"timestamp":1776593832971}
{"sessionId":"debug","runId":"userSearch","hypothesisId":"S3","location":"searchController.js:searchBusesByStops:trips","message":"active trips for routes","data":{"activeTripRows":1},"timestamp":1776593833250}
{"sessionId":"debug","runId":"userSearch","hypothesisId":"S1","location":"searchController.js:searchBusesByStops:entry","message":"search called","data":{"sourceStopId":"3","destinationStopId":"2","limit":null},"timestamp":1776593891598}
{"sessionId":"debug","runId":"userSearch","hypothesisId":"S2","location":"searchController.js:searchBusesByStops:routes","message":"routes matching stops","data":{"routeCount":1,"routeIds":[1]},"timestamp":1776593893088}
{"sessionId":"debug","runId":"userSearch","hypothesisId":"S3","location":"searchController.js:searchBusesByStops:trips","message":"active trips for routes","data":{"activeTripRows":1},"timestamp":1776593893512}
{"sessionId":"debug","runId":"userSearch","hypothesisId":"S1","location":"searchController.js:searchBusesByStops:entry","message":"search called","data":{"sourceStopId":"3","destinationStopId":"2","limit":null},"timestamp":1776593951599}
{"sessionId":"debug","runId":"userSearch","hypothesisId":"S2","location":"searchController.js:searchBusesByStops:routes","message":"routes matching stops","data":{"routeCount":1,"routeIds":[1]},"timestamp":1776593954643}
{"sessionId":"debug","runId":"userSearch","hypothesisId":"S3","location":"searchController.js:searchBusesByStops:trips","message":"active trips for routes","data":{"activeTripRows":1},"timestamp":1776593955010}
{"sessionId":"debug","runId":"userSearch","hypothesisId":"S1","location":"searchController.js:searchBusesByStops:entry","message":"search called","data":{"sourceStopId":"3","destinationStopId":"2","limit":null},"timestamp":1776594011585}
{"sessionId":"debug","runId":"userSearch","hypothesisId":"S2","location":"searchController.js:searchBusesByStops:routes","message":"routes matching stops","data":{"routeCount":1,"routeIds":[1]},"timestamp":1776594013422}
{"sessionId":"debug","runId":"userSearch","hypothesisId":"S3","location":"searchController.js:searchBusesByStops:trips","message":"active trips for routes","data":{"activeTripRows":1},"timestamp":1776594013728}
{"sessionId":"debug","runId":"userSearch","hypothesisId":"S1","location":"searchController.js:searchBusesByStops:entry","message":"search called","data":{"sourceStopId":"3","destinationStopId":"2","limit":null},"timestamp":1776594071593}
{"sessionId":"debug","runId":"userSearch","hypothesisId":"S2","location":"searchController.js:searchBusesByStops:routes","message":"routes matching stops","data":{"routeCount":1,"routeIds":[1]},"timestamp":1776594073342}
{"sessionId":"debug","runId":"userSearch","hypothesisId":"S3","location":"searchController.js:searchBusesByStops:trips","message":"active trips for routes","data":{"activeTripRows":1},"timestamp":1776594073546}
{"sessionId":"debug","runId":"userSearch","hypothesisId":"S1","location":"searchController.js:searchBusesByStops:entry","message":"search called","data":{"sourceStopId":"3","destinationStopId":"2","limit":null},"timestamp":1776594119507}
